<?xml version="1.0" encoding="UTF-8"?>
<testng-results ignored="0" total="0" passed="0" failed="0" skipped="0">
  <reporter-output>
  </reporter-output>
  <suite started-at="2023-11-07T12:57:36 UTC" name="Surefire suite" finished-at="2023-11-07T12:57:36 UTC" duration-ms="521">
    <groups>
    </groups>
    <test started-at="2023-11-07T12:57:36 UTC" name="Surefire test" finished-at="2023-11-07T12:57:36 UTC" duration-ms="521">
    </test> <!-- Surefire test -->
  </suite> <!-- Surefire suite -->
</testng-results>
